[0.005s] Invoking command in '/home/parallels/Tutorial/src/build/articubot_one': CMAKE_PREFIX_PATH=${CMAKE_PREFIX_PATH}:/home/parallels/ros2_ws/install/py_srvcli:/home/parallels/ros2_ws/install/py_pubsub:/home/parallels/ros2_ws/install/python_parameters:/opt/ros/jazzy DEBUGINFOD_URLS=https://debuginfod.ubuntu.com /usr/bin/cmake /home/parallels/Tutorial/src/articubot_one -DCMAKE_INSTALL_PREFIX=/home/parallels/Tutorial/src/install/articubot_one
[0.046s] -- The C compiler identification is GNU 13.3.0
[0.080s] -- The CXX compiler identification is GNU 13.3.0
[0.088s] -- Detecting C compiler ABI info
[0.131s] -- Detecting C compiler ABI info - done
[0.136s] -- Check for working C compiler: /usr/bin/cc - skipped
[0.137s] -- Detecting C compile features
[0.137s] -- Detecting C compile features - done
[0.142s] -- Detecting CXX compiler ABI info
[0.186s] -- Detecting CXX compiler ABI info - done
[0.192s] -- Check for working CXX compiler: /usr/bin/c++ - skipped
[0.192s] -- Detecting CXX compile features
[0.193s] -- Detecting CXX compile features - done
[0.195s] -- Found ament_cmake: 2.5.6 (/opt/ros/jazzy/share/ament_cmake/cmake)
[0.269s] -- Found Python3: /usr/bin/python3 (found version "3.12.3") found components: Interpreter 
[0.379s] -- Configuring done (0.4s)
[0.382s] -- Generating done (0.0s)
[0.383s] -- Build files have been written to: /home/parallels/Tutorial/src/build/articubot_one
[0.386s] Invoked command in '/home/parallels/Tutorial/src/build/articubot_one' returned '0': CMAKE_PREFIX_PATH=${CMAKE_PREFIX_PATH}:/home/parallels/ros2_ws/install/py_srvcli:/home/parallels/ros2_ws/install/py_pubsub:/home/parallels/ros2_ws/install/python_parameters:/opt/ros/jazzy DEBUGINFOD_URLS=https://debuginfod.ubuntu.com /usr/bin/cmake /home/parallels/Tutorial/src/articubot_one -DCMAKE_INSTALL_PREFIX=/home/parallels/Tutorial/src/install/articubot_one
[0.386s] Invoking command in '/home/parallels/Tutorial/src/build/articubot_one': CMAKE_PREFIX_PATH=${CMAKE_PREFIX_PATH}:/home/parallels/ros2_ws/install/py_srvcli:/home/parallels/ros2_ws/install/py_pubsub:/home/parallels/ros2_ws/install/python_parameters:/opt/ros/jazzy DEBUGINFOD_URLS=https://debuginfod.ubuntu.com /usr/bin/cmake --build /home/parallels/Tutorial/src/build/articubot_one -- -j2 -l2
[0.402s] Invoked command in '/home/parallels/Tutorial/src/build/articubot_one' returned '0': CMAKE_PREFIX_PATH=${CMAKE_PREFIX_PATH}:/home/parallels/ros2_ws/install/py_srvcli:/home/parallels/ros2_ws/install/py_pubsub:/home/parallels/ros2_ws/install/python_parameters:/opt/ros/jazzy DEBUGINFOD_URLS=https://debuginfod.ubuntu.com /usr/bin/cmake --build /home/parallels/Tutorial/src/build/articubot_one -- -j2 -l2
[0.407s] Invoking command in '/home/parallels/Tutorial/src/build/articubot_one': CMAKE_PREFIX_PATH=${CMAKE_PREFIX_PATH}:/home/parallels/ros2_ws/install/py_srvcli:/home/parallels/ros2_ws/install/py_pubsub:/home/parallels/ros2_ws/install/python_parameters:/opt/ros/jazzy DEBUGINFOD_URLS=https://debuginfod.ubuntu.com /usr/bin/cmake --install /home/parallels/Tutorial/src/build/articubot_one
[0.410s] -- Install configuration: ""
[0.410s] -- Installing: /home/parallels/Tutorial/src/install/articubot_one/share/articubot_one/config
[0.411s] -- Installing: /home/parallels/Tutorial/src/install/articubot_one/share/articubot_one/description
[0.411s] -- Installing: /home/parallels/Tutorial/src/install/articubot_one/share/articubot_one/description/robot_urdf.xacro
[0.411s] -- Installing: /home/parallels/Tutorial/src/install/articubot_one/share/articubot_one/description/robot_core.xacro
[0.411s] -- Installing: /home/parallels/Tutorial/src/install/articubot_one/share/articubot_one/description/inertial_macros.xacro
[0.411s] -- Installing: /home/parallels/Tutorial/src/install/articubot_one/share/articubot_one/launch
[0.411s] -- Installing: /home/parallels/Tutorial/src/install/articubot_one/share/articubot_one/launch/rsp.launch.py
[0.411s] -- Installing: /home/parallels/Tutorial/src/install/articubot_one/share/articubot_one/worlds
[0.411s] -- Installing: /home/parallels/Tutorial/src/install/articubot_one/share/ament_index/resource_index/package_run_dependencies/articubot_one
[0.411s] -- Installing: /home/parallels/Tutorial/src/install/articubot_one/share/ament_index/resource_index/parent_prefix_path/articubot_one
[0.411s] -- Installing: /home/parallels/Tutorial/src/install/articubot_one/share/articubot_one/environment/ament_prefix_path.sh
[0.411s] -- Installing: /home/parallels/Tutorial/src/install/articubot_one/share/articubot_one/environment/ament_prefix_path.dsv
[0.411s] -- Installing: /home/parallels/Tutorial/src/install/articubot_one/share/articubot_one/environment/path.sh
[0.411s] -- Installing: /home/parallels/Tutorial/src/install/articubot_one/share/articubot_one/environment/path.dsv
[0.411s] -- Installing: /home/parallels/Tutorial/src/install/articubot_one/share/articubot_one/local_setup.bash
[0.412s] -- Installing: /home/parallels/Tutorial/src/install/articubot_one/share/articubot_one/local_setup.sh
[0.412s] -- Installing: /home/parallels/Tutorial/src/install/articubot_one/share/articubot_one/local_setup.zsh
[0.412s] -- Installing: /home/parallels/Tutorial/src/install/articubot_one/share/articubot_one/local_setup.dsv
[0.412s] -- Installing: /home/parallels/Tutorial/src/install/articubot_one/share/articubot_one/package.dsv
[0.412s] -- Installing: /home/parallels/Tutorial/src/install/articubot_one/share/ament_index/resource_index/packages/articubot_one
[0.412s] -- Installing: /home/parallels/Tutorial/src/install/articubot_one/share/articubot_one/cmake/articubot_oneConfig.cmake
[0.412s] -- Installing: /home/parallels/Tutorial/src/install/articubot_one/share/articubot_one/cmake/articubot_oneConfig-version.cmake
[0.412s] -- Installing: /home/parallels/Tutorial/src/install/articubot_one/share/articubot_one/package.xml
[0.413s] Invoked command in '/home/parallels/Tutorial/src/build/articubot_one' returned '0': CMAKE_PREFIX_PATH=${CMAKE_PREFIX_PATH}:/home/parallels/ros2_ws/install/py_srvcli:/home/parallels/ros2_ws/install/py_pubsub:/home/parallels/ros2_ws/install/python_parameters:/opt/ros/jazzy DEBUGINFOD_URLS=https://debuginfod.ubuntu.com /usr/bin/cmake --install /home/parallels/Tutorial/src/build/articubot_one
