[0.005s] Invoking command in '/home/parallels/Tutorial/src/build/articubot_one': CMAKE_PREFIX_PATH=${CMAKE_PREFIX_PATH}:/home/parallels/ros2_ws/install/py_srvcli:/home/parallels/ros2_ws/install/py_pubsub:/home/parallels/ros2_ws/install/python_parameters:/opt/ros/jazzy DEBUGINFOD_URLS=https://debuginfod.ubuntu.com /usr/bin/cmake --build /home/parallels/Tutorial/src/build/articubot_one -- -j2 -l2
[0.026s] Invoked command in '/home/parallels/Tutorial/src/build/articubot_one' returned '0': CMAKE_PREFIX_PATH=${CMAKE_PREFIX_PATH}:/home/parallels/ros2_ws/install/py_srvcli:/home/parallels/ros2_ws/install/py_pubsub:/home/parallels/ros2_ws/install/python_parameters:/opt/ros/jazzy DEBUGINFOD_URLS=https://debuginfod.ubuntu.com /usr/bin/cmake --build /home/parallels/Tutorial/src/build/articubot_one -- -j2 -l2
[0.030s] Invoking command in '/home/parallels/Tutorial/src/build/articubot_one': CMAKE_PREFIX_PATH=${CMAKE_PREFIX_PATH}:/home/parallels/ros2_ws/install/py_srvcli:/home/parallels/ros2_ws/install/py_pubsub:/home/parallels/ros2_ws/install/python_parameters:/opt/ros/jazzy DEBUGINFOD_URLS=https://debuginfod.ubuntu.com /usr/bin/cmake --install /home/parallels/Tutorial/src/build/articubot_one
[0.033s] -- Install configuration: ""
[0.033s] -- Up-to-date: /home/parallels/Tutorial/src/install/articubot_one/share/articubot_one/config
[0.033s] -- Up-to-date: /home/parallels/Tutorial/src/install/articubot_one/share/articubot_one/description
[0.034s] -- Up-to-date: /home/parallels/Tutorial/src/install/articubot_one/share/articubot_one/description/robot_urdf.xacro
[0.034s] -- Installing: /home/parallels/Tutorial/src/install/articubot_one/share/articubot_one/description/robot_core.xacro
[0.034s] -- Up-to-date: /home/parallels/Tutorial/src/install/articubot_one/share/articubot_one/description/inertial_macros.xacro
[0.034s] -- Up-to-date: /home/parallels/Tutorial/src/install/articubot_one/share/articubot_one/launch
[0.034s] -- Installing: /home/parallels/Tutorial/src/install/articubot_one/share/articubot_one/launch/rsp.launch.py
[0.034s] -- Up-to-date: /home/parallels/Tutorial/src/install/articubot_one/share/articubot_one/worlds
[0.034s] -- Up-to-date: /home/parallels/Tutorial/src/install/articubot_one/share/ament_index/resource_index/package_run_dependencies/articubot_one
[0.034s] -- Up-to-date: /home/parallels/Tutorial/src/install/articubot_one/share/ament_index/resource_index/parent_prefix_path/articubot_one
[0.034s] -- Up-to-date: /home/parallels/Tutorial/src/install/articubot_one/share/articubot_one/environment/ament_prefix_path.sh
[0.034s] -- Up-to-date: /home/parallels/Tutorial/src/install/articubot_one/share/articubot_one/environment/ament_prefix_path.dsv
[0.034s] -- Up-to-date: /home/parallels/Tutorial/src/install/articubot_one/share/articubot_one/environment/path.sh
[0.034s] -- Up-to-date: /home/parallels/Tutorial/src/install/articubot_one/share/articubot_one/environment/path.dsv
[0.034s] -- Up-to-date: /home/parallels/Tutorial/src/install/articubot_one/share/articubot_one/local_setup.bash
[0.034s] -- Up-to-date: /home/parallels/Tutorial/src/install/articubot_one/share/articubot_one/local_setup.sh
[0.034s] -- Up-to-date: /home/parallels/Tutorial/src/install/articubot_one/share/articubot_one/local_setup.zsh
[0.034s] -- Up-to-date: /home/parallels/Tutorial/src/install/articubot_one/share/articubot_one/local_setup.dsv
[0.034s] -- Installing: /home/parallels/Tutorial/src/install/articubot_one/share/articubot_one/package.dsv
[0.034s] -- Up-to-date: /home/parallels/Tutorial/src/install/articubot_one/share/ament_index/resource_index/packages/articubot_one
[0.034s] -- Up-to-date: /home/parallels/Tutorial/src/install/articubot_one/share/articubot_one/cmake/articubot_oneConfig.cmake
[0.034s] -- Up-to-date: /home/parallels/Tutorial/src/install/articubot_one/share/articubot_one/cmake/articubot_oneConfig-version.cmake
[0.034s] -- Up-to-date: /home/parallels/Tutorial/src/install/articubot_one/share/articubot_one/package.xml
[0.036s] Invoked command in '/home/parallels/Tutorial/src/build/articubot_one' returned '0': CMAKE_PREFIX_PATH=${CMAKE_PREFIX_PATH}:/home/parallels/ros2_ws/install/py_srvcli:/home/parallels/ros2_ws/install/py_pubsub:/home/parallels/ros2_ws/install/python_parameters:/opt/ros/jazzy DEBUGINFOD_URLS=https://debuginfod.ubuntu.com /usr/bin/cmake --install /home/parallels/Tutorial/src/build/articubot_one
