-- The C compiler identification is GNU 13.3.0
-- The CXX compiler identification is GNU 13.3.0
-- Detecting C compiler ABI info
-- Detecting C compiler ABI info - done
-- Check for working C compiler: /usr/bin/cc - skipped
-- Detecting C compile features
-- Detecting C compile features - done
-- Detecting CXX compiler ABI info
-- Detecting CXX compiler ABI info - done
-- Check for working CXX compiler: /usr/bin/c++ - skipped
-- Detecting CXX compile features
-- Detecting CXX compile features - done
-- Found ament_cmake: 2.5.6 (/opt/ros/jazzy/share/ament_cmake/cmake)
-- Found Python3: /usr/bin/python3 (found version "3.12.3") found components: Interpreter 
-- Override CMake install command with custom implementation using symlinks instead of copying resources
-- Configuring done (0.4s)
-- Generating done (0.0s)
-- Build files have been written to: /home/parallels/Tutorial/build/articubot_one
-- Install configuration: ""
-- Execute custom install script
-- Symlinking: /home/parallels/Tutorial/install/articubot_one/share/articubot_one/config/my_controllers.yaml
-- Symlinking: /home/parallels/Tutorial/install/articubot_one/share/articubot_one/description/camera.xacro
-- Symlinking: /home/parallels/Tutorial/install/articubot_one/share/articubot_one/description/gazebo_plugin.xacro
-- Symlinking: /home/parallels/Tutorial/install/articubot_one/share/articubot_one/description/inertial_macros.xacro
-- Symlinking: /home/parallels/Tutorial/install/articubot_one/share/articubot_one/description/lidar.xacro
-- Symlinking: /home/parallels/Tutorial/install/articubot_one/share/articubot_one/description/robot_core.xacro
-- Symlinking: /home/parallels/Tutorial/install/articubot_one/share/articubot_one/description/robot_urdf.xacro
-- Symlinking: /home/parallels/Tutorial/install/articubot_one/share/articubot_one/launch/launch_sim.launch.py
-- Symlinking: /home/parallels/Tutorial/install/articubot_one/share/articubot_one/launch/rsp.launch.py
-- Symlinking: /home/parallels/Tutorial/install/articubot_one/share/articubot_one/worlds/cone.sdf
-- Symlinking: /home/parallels/Tutorial/install/articubot_one/lib/articubot_one/obstacle_avoidance.py
-- Symlinking: /home/parallels/Tutorial/install/articubot_one/share/ament_index/resource_index/package_run_dependencies/articubot_one
-- Symlinking: /home/parallels/Tutorial/install/articubot_one/share/ament_index/resource_index/parent_prefix_path/articubot_one
-- Symlinking: /home/parallels/Tutorial/install/articubot_one/share/articubot_one/environment/ament_prefix_path.sh
-- Symlinking: /home/parallels/Tutorial/install/articubot_one/share/articubot_one/environment/ament_prefix_path.dsv
-- Symlinking: /home/parallels/Tutorial/install/articubot_one/share/articubot_one/environment/path.sh
-- Symlinking: /home/parallels/Tutorial/install/articubot_one/share/articubot_one/environment/path.dsv
-- Symlinking: /home/parallels/Tutorial/install/articubot_one/share/articubot_one/local_setup.bash
-- Symlinking: /home/parallels/Tutorial/install/articubot_one/share/articubot_one/local_setup.sh
-- Symlinking: /home/parallels/Tutorial/install/articubot_one/share/articubot_one/local_setup.zsh
-- Symlinking: /home/parallels/Tutorial/install/articubot_one/share/articubot_one/local_setup.dsv
-- Symlinking: /home/parallels/Tutorial/install/articubot_one/share/articubot_one/package.dsv
-- Symlinking: /home/parallels/Tutorial/install/articubot_one/share/ament_index/resource_index/packages/articubot_one
-- Symlinking: /home/parallels/Tutorial/install/articubot_one/share/articubot_one/cmake/articubot_oneConfig.cmake
-- Symlinking: /home/parallels/Tutorial/install/articubot_one/share/articubot_one/cmake/articubot_oneConfig-version.cmake
-- Symlinking: /home/parallels/Tutorial/install/articubot_one/share/articubot_one/package.xml
